TN:
SF:contracts/BurnEngine.sol
FN:36,BurnEngine.adminBurn
FNDA:1,BurnEngine.adminBurn
DA:40,1
FN:43,BurnEngine.userBurn
FNDA:0,BurnEngine.userBurn
DA:46,0
DA:52,0
FN:55,BurnEngine._burn
FNDA:1,BurnEngine._burn
DA:58,1
DA:62,1
BRDA:62,0,0,1
BRDA:62,0,1,-
DA:63,1
DA:66,0
DA:70,0
FN:76,BurnEngine.setBurnCost
FNDA:256,BurnEngine.setBurnCost
DA:82,256
BRDA:82,1,0,11
BRDA:82,1,1,245
DA:83,11
DA:86,245
DA:88,245
FNF:4
FNH:3
LF:12
LH:8
BRF:4
BRH:3
end_of_record
TN:
SF:contracts/Counter.sol
FN:9,Counter.setNumber
FNDA:256,Counter.setNumber
DA:14,256
FN:17,Counter.increment
FNDA:1,Counter.increment
DA:20,1
FNF:2
FNH:2
LF:2
LH:2
BRF:0
BRH:0
end_of_record
